Release 14.7 - xst P.20131013 (nt64)
Copyright (c) 1995-2013 Xilinx, Inc.  All rights reserved.
--> Parameter TMPDIR set to xst/projnav.tmp


Total REAL time to Xst completion: 0.00 secs
Total CPU time to Xst completion: 0.10 secs
 
--> Parameter xsthdpdir set to xst


Total REAL time to Xst completion: 0.00 secs
Total CPU time to Xst completion: 0.10 secs
 
--> Reading design: phone.prj

TABLE OF CONTENTS
  1) Synthesis Options Summary
  2) HDL Compilation
  3) Design Hierarchy Analysis
  4) HDL Analysis
  5) HDL Synthesis
     5.1) HDL Synthesis Report
  6) Advanced HDL Synthesis
     6.1) Advanced HDL Synthesis Report
  7) Low Level Synthesis
  8) Partition Report
  9) Final Report
	9.1) Device utilization summary
	9.2) Partition Resource Summary
	9.3) TIMING REPORT


=========================================================================
*                      Synthesis Options Summary                        *
=========================================================================
---- Source Parameters
Input File Name                    : "phone.prj"
Input Format                       : mixed
Ignore Synthesis Constraint File   : NO

---- Target Parameters
Output File Name                   : "phone"
Output Format                      : NGC
Target Device                      : xc3s100e-4-tq144

---- Source Options
Top Module Name                    : phone
Automatic FSM Extraction           : YES
FSM Encoding Algorithm             : Auto
Safe Implementation                : No
FSM Style                          : LUT
RAM Extraction                     : Yes
RAM Style                          : Auto
ROM Extraction                     : Yes
Mux Style                          : Auto
Decoder Extraction                 : YES
Priority Encoder Extraction        : Yes
Shift Register Extraction          : YES
Logical Shifter Extraction         : YES
XOR Collapsing                     : YES
ROM Style                          : Auto
Mux Extraction                     : Yes
Resource Sharing                   : YES
Asynchronous To Synchronous        : NO
Multiplier Style                   : Auto
Automatic Register Balancing       : No

---- Target Options
Add IO Buffers                     : YES
Global Maximum Fanout              : 500
Add Generic Clock Buffer(BUFG)     : 24
Register Duplication               : YES
Slice Packing                      : YES
Optimize Instantiated Primitives   : NO
Use Clock Enable                   : Yes
Use Synchronous Set                : Yes
Use Synchronous Reset              : Yes
Pack IO Registers into IOBs        : Auto
Equivalent register Removal        : YES

---- General Options
Optimization Goal                  : Speed
Optimization Effort                : 1
Keep Hierarchy                     : No
Netlist Hierarchy                  : As_Optimized
RTL Output                         : Yes
Global Optimization                : AllClockNets
Read Cores                         : YES
Write Timing Constraints           : NO
Cross Clock Analysis               : NO
Hierarchy Separator                : /
Bus Delimiter                      : <>
Case Specifier                     : Maintain
Slice Utilization Ratio            : 100
BRAM Utilization Ratio             : 100
Verilog 2001                       : YES
Auto BRAM Packing                  : NO
Slice Utilization Ratio Delta      : 5

=========================================================================


=========================================================================
*                          HDL Compilation                              *
=========================================================================
Compiling verilog file "phone.v" in library work
Module <phone> compiled
No errors in compilation
Analysis of file <"phone.prj"> succeeded.
 

=========================================================================
*                     Design Hierarchy Analysis                         *
=========================================================================
Analyzing hierarchy for module <phone> in library <work> with parameters.
	calleeturn = "011"
	callerturn = "010"
	cost = "101"
	idle = "000"
	rejected = "100"
	ringing = "001"


=========================================================================
*                            HDL Analysis                               *
=========================================================================
Analyzing top module <phone>.
	calleeturn = 3'b011
	callerturn = 3'b010
	cost = 3'b101
	idle = 3'b000
	rejected = 3'b100
	ringing = 3'b001
WARNING:Xst:2725 - "phone.v" line 51: Size mismatch between case item and case selector.
WARNING:Xst:2725 - "phone.v" line 58: Size mismatch between case item and case selector.
WARNING:Xst:2725 - "phone.v" line 68: Size mismatch between case item and case selector.
WARNING:Xst:2725 - "phone.v" line 73: Size mismatch between case item and case selector.
WARNING:Xst:2725 - "phone.v" line 281: Size mismatch between case item and case selector.
WARNING:Xst:2725 - "phone.v" line 486: Size mismatch between case item and case selector.
ERROR:Xst:899 - "phone.v" line 49: The logic for <sentMsg[63]> does not match a known FF or Latch template. The description style you are using to describe a register or latch is not supported in the current software release.
ERROR:Xst:899 - "phone.v" line 49: The logic for <sentMsg[62]> does not match a known FF or Latch template. The description style you are using to describe a register or latch is not supported in the current software release.
ERROR:Xst:899 - "phone.v" line 49: The logic for <sentMsg[61]> does not match a known FF or Latch template. The description style you are using to describe a register or latch is not supported in the current software release.
ERROR:Xst:899 - "phone.v" line 49: The logic for <sentMsg[60]> does not match a known FF or Latch template. The description style you are using to describe a register or latch is not supported in the current software release.
ERROR:Xst:899 - "phone.v" line 49: The logic for <sentMsg[59]> does not match a known FF or Latch template. The description style you are using to describe a register or latch is not supported in the current software release.
ERROR:Xst:899 - "phone.v" line 49: The logic for <sentMsg[58]> does not match a known FF or Latch template. The description style you are using to describe a register or latch is not supported in the current software release.
ERROR:Xst:899 - "phone.v" line 49: The logic for <sentMsg[57]> does not match a known FF or Latch template. The description style you are using to describe a register or latch is not supported in the current software release.
ERROR:Xst:899 - "phone.v" line 49: The logic for <sentMsg[56]> does not match a known FF or Latch template. The description style you are using to describe a register or latch is not supported in the current software release.
ERROR:Xst:899 - "phone.v" line 49: The logic for <sentMsg[55]> does not match a known FF or Latch template. The description style you are using to describe a register or latch is not supported in the current software release.
ERROR:Xst:899 - "phone.v" line 49: The logic for <sentMsg[54]> does not match a known FF or Latch template. The description style you are using to describe a register or latch is not supported in the current software release.
ERROR:Xst:899 - "phone.v" line 49: The logic for <sentMsg[53]> does not match a known FF or Latch template. The description style you are using to describe a register or latch is not supported in the current software release.
ERROR:Xst:899 - "phone.v" line 49: The logic for <sentMsg[52]> does not match a known FF or Latch template. The description style you are using to describe a register or latch is not supported in the current software release.
ERROR:Xst:899 - "phone.v" line 49: The logic for <sentMsg[51]> does not match a known FF or Latch template. The description style you are using to describe a register or latch is not supported in the current software release.
ERROR:Xst:899 - "phone.v" line 49: The logic for <sentMsg[50]> does not match a known FF or Latch template. The description style you are using to describe a register or latch is not supported in the current software release.
ERROR:Xst:899 - "phone.v" line 49: The logic for <sentMsg[49]> does not match a known FF or Latch template. The description style you are using to describe a register or latch is not supported in the current software release.
ERROR:Xst:899 - "phone.v" line 49: The logic for <sentMsg[48]> does not match a known FF or Latch template. The description style you are using to describe a register or latch is not supported in the current software release.
ERROR:Xst:899 - "phone.v" line 49: The logic for <sentMsg[47]> does not match a known FF or Latch template. The description style you are using to describe a register or latch is not supported in the current software release.
ERROR:Xst:899 - "phone.v" line 49: The logic for <sentMsg[46]> does not match a known FF or Latch template. The description style you are using to describe a register or latch is not supported in the current software release.
ERROR:Xst:899 - "phone.v" line 49: The logic for <sentMsg[45]> does not match a known FF or Latch template. The description style you are using to describe a register or latch is not supported in the current software release.
ERROR:Xst:899 - "phone.v" line 49: The logic for <sentMsg[44]> does not match a known FF or Latch template. The description style you are using to describe a register or latch is not supported in the current software release.
ERROR:Xst:899 - "phone.v" line 49: The logic for <sentMsg[43]> does not match a known FF or Latch template. The description style you are using to describe a register or latch is not supported in the current software release.
ERROR:Xst:899 - "phone.v" line 49: The logic for <sentMsg[42]> does not match a known FF or Latch template. The description style you are using to describe a register or latch is not supported in the current software release.
ERROR:Xst:899 - "phone.v" line 49: The logic for <sentMsg[41]> does not match a known FF or Latch template. The description style you are using to describe a register or latch is not supported in the current software release.
ERROR:Xst:899 - "phone.v" line 49: The logic for <sentMsg[40]> does not match a known FF or Latch template. The description style you are using to describe a register or latch is not supported in the current software release.
ERROR:Xst:899 - "phone.v" line 49: The logic for <sentMsg[39]> does not match a known FF or Latch template. The description style you are using to describe a register or latch is not supported in the current software release.
ERROR:Xst:899 - "phone.v" line 49: The logic for <sentMsg[38]> does not match a known FF or Latch template. The description style you are using to describe a register or latch is not supported in the current software release.
ERROR:Xst:899 - "phone.v" line 49: The logic for <sentMsg[37]> does not match a known FF or Latch template. The description style you are using to describe a register or latch is not supported in the current software release.
ERROR:Xst:899 - "phone.v" line 49: The logic for <sentMsg[36]> does not match a known FF or Latch template. The description style you are using to describe a register or latch is not supported in the current software release.
ERROR:Xst:899 - "phone.v" line 49: The logic for <sentMsg[35]> does not match a known FF or Latch template. The description style you are using to describe a register or latch is not supported in the current software release.
ERROR:Xst:899 - "phone.v" line 49: The logic for <sentMsg[34]> does not match a known FF or Latch template. The description style you are using to describe a register or latch is not supported in the current software release.
ERROR:Xst:899 - "phone.v" line 49: The logic for <sentMsg[33]> does not match a known FF or Latch template. The description style you are using to describe a register or latch is not supported in the current software release.
ERROR:Xst:899 - "phone.v" line 49: The logic for <sentMsg[32]> does not match a known FF or Latch template. The description style you are using to describe a register or latch is not supported in the current software release.
ERROR:Xst:899 - "phone.v" line 49: The logic for <sentMsg[31]> does not match a known FF or Latch template. The description style you are using to describe a register or latch is not supported in the current software release.
ERROR:Xst:899 - "phone.v" line 49: The logic for <sentMsg[30]> does not match a known FF or Latch template. The description style you are using to describe a register or latch is not supported in the current software release.
ERROR:Xst:899 - "phone.v" line 49: The logic for <sentMsg[29]> does not match a known FF or Latch template. The description style you are using to describe a register or latch is not supported in the current software release.
ERROR:Xst:899 - "phone.v" line 49: The logic for <sentMsg[28]> does not match a known FF or Latch template. The description style you are using to describe a register or latch is not supported in the current software release.
ERROR:Xst:899 - "phone.v" line 49: The logic for <sentMsg[27]> does not match a known FF or Latch template. The description style you are using to describe a register or latch is not supported in the current software release.
ERROR:Xst:899 - "phone.v" line 49: The logic for <sentMsg[26]> does not match a known FF or Latch template. The description style you are using to describe a register or latch is not supported in the current software release.
ERROR:Xst:899 - "phone.v" line 49: The logic for <sentMsg[25]> does not match a known FF or Latch template. The description style you are using to describe a register or latch is not supported in the current software release.
ERROR:Xst:899 - "phone.v" line 49: The logic for <sentMsg[24]> does not match a known FF or Latch template. The description style you are using to describe a register or latch is not supported in the current software release.
ERROR:Xst:899 - "phone.v" line 49: The logic for <sentMsg[23]> does not match a known FF or Latch template. The description style you are using to describe a register or latch is not supported in the current software release.
ERROR:Xst:899 - "phone.v" line 49: The logic for <sentMsg[22]> does not match a known FF or Latch template. The description style you are using to describe a register or latch is not supported in the current software release.
ERROR:Xst:899 - "phone.v" line 49: The logic for <sentMsg[21]> does not match a known FF or Latch template. The description style you are using to describe a register or latch is not supported in the current software release.
ERROR:Xst:899 - "phone.v" line 49: The logic for <sentMsg[20]> does not match a known FF or Latch template. The description style you are using to describe a register or latch is not supported in the current software release.
ERROR:Xst:899 - "phone.v" line 49: The logic for <sentMsg[19]> does not match a known FF or Latch template. The description style you are using to describe a register or latch is not supported in the current software release.
ERROR:Xst:899 - "phone.v" line 49: The logic for <sentMsg[18]> does not match a known FF or Latch template. The description style you are using to describe a register or latch is not supported in the current software release.
ERROR:Xst:899 - "phone.v" line 49: The logic for <sentMsg[17]> does not match a known FF or Latch template. The description style you are using to describe a register or latch is not supported in the current software release.
ERROR:Xst:899 - "phone.v" line 49: The logic for <sentMsg[16]> does not match a known FF or Latch template. The description style you are using to describe a register or latch is not supported in the current software release.
ERROR:Xst:899 - "phone.v" line 49: The logic for <sentMsg[15]> does not match a known FF or Latch template. The description style you are using to describe a register or latch is not supported in the current software release.
ERROR:Xst:899 - "phone.v" line 49: The logic for <sentMsg[14]> does not match a known FF or Latch template. The description style you are using to describe a register or latch is not supported in the current software release.
ERROR:Xst:899 - "phone.v" line 49: The logic for <sentMsg[13]> does not match a known FF or Latch template. The description style you are using to describe a register or latch is not supported in the current software release.
ERROR:Xst:899 - "phone.v" line 49: The logic for <sentMsg[12]> does not match a known FF or Latch template. The description style you are using to describe a register or latch is not supported in the current software release.
ERROR:Xst:899 - "phone.v" line 49: The logic for <sentMsg[11]> does not match a known FF or Latch template. The description style you are using to describe a register or latch is not supported in the current software release.
ERROR:Xst:899 - "phone.v" line 49: The logic for <sentMsg[10]> does not match a known FF or Latch template. The description style you are using to describe a register or latch is not supported in the current software release.
ERROR:Xst:899 - "phone.v" line 49: The logic for <sentMsg[9]> does not match a known FF or Latch template. The description style you are using to describe a register or latch is not supported in the current software release.
ERROR:Xst:899 - "phone.v" line 49: The logic for <sentMsg[8]> does not match a known FF or Latch template. The description style you are using to describe a register or latch is not supported in the current software release.
ERROR:Xst:899 - "phone.v" line 49: The logic for <sentMsg[7]> does not match a known FF or Latch template. The description style you are using to describe a register or latch is not supported in the current software release.
ERROR:Xst:899 - "phone.v" line 49: The logic for <sentMsg[6]> does not match a known FF or Latch template. The description style you are using to describe a register or latch is not supported in the current software release.
ERROR:Xst:899 - "phone.v" line 49: The logic for <sentMsg[5]> does not match a known FF or Latch template. The description style you are using to describe a register or latch is not supported in the current software release.
ERROR:Xst:899 - "phone.v" line 49: The logic for <sentMsg[4]> does not match a known FF or Latch template. The description style you are using to describe a register or latch is not supported in the current software release.
ERROR:Xst:899 - "phone.v" line 49: The logic for <sentMsg[3]> does not match a known FF or Latch template. The description style you are using to describe a register or latch is not supported in the current software release.
ERROR:Xst:899 - "phone.v" line 49: The logic for <sentMsg[2]> does not match a known FF or Latch template. The description style you are using to describe a register or latch is not supported in the current software release.
ERROR:Xst:899 - "phone.v" line 49: The logic for <sentMsg[1]> does not match a known FF or Latch template. The description style you are using to describe a register or latch is not supported in the current software release.
ERROR:Xst:899 - "phone.v" line 49: The logic for <sentMsg[0]> does not match a known FF or Latch template. The description style you are using to describe a register or latch is not supported in the current software release.
ERROR:Xst:899 - "phone.v" line 49: The logic for <currentstate> does not match a known FF or Latch template. The description style you are using to describe a register or latch is not supported in the current software release.
ERROR:Xst:899 - "phone.v" line 49: The logic for <statusMsg> does not match a known FF or Latch template. The description style you are using to describe a register or latch is not supported in the current software release.
ERROR:Xst:899 - "phone.v" line 49: The logic for <counter> does not match a known FF or Latch template. The description style you are using to describe a register or latch is not supported in the current software release.
 
Found 67 error(s). Aborting synthesis.
--> 

Total memory usage is 7228792 kilobytes

Number of errors   :   67 (   0 filtered)
Number of warnings :    6 (   0 filtered)
Number of infos    :    0 (   0 filtered)

