#! /usr/share/iverilog-0.9.7/bin/vvp
:ivl_version "0.9.7 " "(v0_9_6)";
:vpi_time_precision - 12;
:vpi_module "system";
:vpi_module "v2005_math";
:vpi_module "va_math";
S_0xe77a40 .scope module, "test" "test" 2 25;
 .timescale -9 -12;
v0xe93550_0 .var "Keypressed", 0 0;
v0xe935f0_0 .var "button", 7 0;
v0xe936a0_0 .var "clk", 0 0;
v0xe93750_0 .var "rst", 0 0;
v0xe93830_0 .net "statusMsg", 63 0, v0xe933c0_0; 1 drivers
S_0xe77b30 .scope module, "uut" "phone" 2 37, 3 21, S_0xe77a40;
 .timescale -9 -12;
P_0xe77c28 .param/l "cost" 3 30, C4<010>;
P_0xe77c50 .param/l "idle" 3 28, C4<000>;
P_0xe77c78 .param/l "ringing" 3 29, C4<001>;
v0xe66a00_0 .net "Keypressed", 0 0, v0xe93550_0; 1 drivers
v0xe92fb0_0 .net "button", 7 0, v0xe935f0_0; 1 drivers
v0xe93050_0 .net "clk", 0 0, v0xe936a0_0; 1 drivers
v0xe930f0_0 .var "counter", 31 0;
v0xe931a0_0 .var "currentstate", 7 0;
v0xe93240_0 .var "key", 3 0;
v0xe93320_0 .net "rst", 0 0, v0xe93750_0; 1 drivers
v0xe933c0_0 .var "statusMsg", 63 0;
v0xe934b0_0 .var "valid", 3 0;
E_0xe660b0 .event posedge, v0xe93320_0, v0xe93050_0;
S_0xe66910 .scope begin, "phone" "phone" 3 40, 3 40, S_0xe77b30;
 .timescale -9 -12;
    .scope S_0xe77b30;
T_0 ;
    %wait E_0xe660b0;
    %fork t_1, S_0xe66910;
    %jmp t_0;
    .scope S_0xe66910;
t_1 ;
    %load/v 8, v0xe93320_0, 1;
    %jmp/0xz  T_0.0, 8;
    %movi 8, 538976288, 32;
    %movi 40, 538976288, 32;
    %ix/load 0, 64, 0;
    %assign/v0 v0xe933c0_0, 0, 8;
    %ix/load 0, 8, 0;
    %assign/v0 v0xe931a0_0, 0, 0;
    %ix/load 0, 32, 0;
    %assign/v0 v0xe930f0_0, 0, 0;
T_0.0 ;
    %load/v 8, v0xe931a0_0, 8;
    %cmpi/u 8, 0, 8;
    %jmp/1 T_0.2, 6;
    %cmpi/u 8, 1, 8;
    %jmp/1 T_0.3, 6;
    %cmpi/u 8, 2, 8;
    %jmp/1 T_0.4, 6;
    %ix/load 0, 8, 0;
    %assign/v0 v0xe931a0_0, 0, 0;
    %jmp T_0.6;
T_0.2 ;
    %ix/load 0, 1, 0;
    %ix/load 1, 0, 0;
    %assign/v0/x1 v0xe93240_0, 0, 1;
    %ix/load 0, 1, 0;
    %ix/load 1, 1, 0;
    %assign/v0/x1 v0xe93240_0, 0, 0;
    %ix/load 0, 1, 0;
    %ix/load 1, 2, 0;
    %assign/v0/x1 v0xe93240_0, 0, 1;
    %ix/load 0, 1, 0;
    %ix/load 1, 3, 0;
    %assign/v0/x1 v0xe93240_0, 0, 0;
    %load/v 8, v0xe66a00_0, 1;
    %jmp/0xz  T_0.7, 8;
    %movi 8, 1, 8;
    %ix/load 0, 8, 0;
    %assign/v0 v0xe931a0_0, 0, 8;
T_0.7 ;
    %jmp T_0.6;
T_0.3 ;
    %load/v 8, v0xe66a00_0, 1;
    %mov 9, 0, 1;
    %cmpi/u 8, 0, 2;
    %jmp/0xz  T_0.9, 4;
    %load/v 8, v0xe930f0_0, 32;
    %cmpi/u 8, 0, 32;
    %jmp/0xz  T_0.11, 4;
    %load/v 8, v0xe92fb0_0, 8;
    %ix/load 0, 1, 0;
    %ix/load 1, 0, 0;
    %assign/v0/x1 v0xe934b0_0, 0, 8;
    %load/v 8, v0xe930f0_0, 32;
    %mov 40, 0, 1;
    %addi 8, 1, 33;
    %ix/load 0, 32, 0;
    %assign/v0 v0xe930f0_0, 0, 8;
    %ix/load 0, 8, 0;
    %assign/v0 v0xe931a0_0, 0, 0;
T_0.11 ;
    %load/v 8, v0xe930f0_0, 32;
    %cmpi/u 8, 1, 32;
    %jmp/0xz  T_0.13, 4;
    %load/v 8, v0xe92fb0_0, 8;
    %ix/load 0, 1, 0;
    %ix/load 1, 1, 0;
    %assign/v0/x1 v0xe934b0_0, 0, 8;
    %load/v 8, v0xe930f0_0, 32;
    %mov 40, 0, 1;
    %addi 8, 1, 33;
    %ix/load 0, 32, 0;
    %assign/v0 v0xe930f0_0, 0, 8;
    %ix/load 0, 8, 0;
    %assign/v0 v0xe931a0_0, 0, 0;
T_0.13 ;
    %load/v 8, v0xe930f0_0, 32;
    %cmpi/u 8, 2, 32;
    %jmp/0xz  T_0.15, 4;
    %load/v 8, v0xe92fb0_0, 8;
    %ix/load 0, 1, 0;
    %ix/load 1, 2, 0;
    %assign/v0/x1 v0xe934b0_0, 0, 8;
    %load/v 8, v0xe930f0_0, 32;
    %mov 40, 0, 1;
    %addi 8, 1, 33;
    %ix/load 0, 32, 0;
    %assign/v0 v0xe930f0_0, 0, 8;
    %ix/load 0, 8, 0;
    %assign/v0 v0xe931a0_0, 0, 0;
T_0.15 ;
    %load/v 8, v0xe930f0_0, 32;
    %cmpi/u 8, 3, 32;
    %jmp/0xz  T_0.17, 4;
    %load/v 8, v0xe92fb0_0, 8;
    %ix/load 0, 1, 0;
    %ix/load 1, 3, 0;
    %assign/v0/x1 v0xe934b0_0, 0, 8;
    %movi 8, 2, 8;
    %ix/load 0, 8, 0;
    %assign/v0 v0xe931a0_0, 0, 8;
T_0.17 ;
T_0.9 ;
    %jmp T_0.6;
T_0.4 ;
    %load/v 8, v0xe934b0_0, 4;
    %load/v 12, v0xe93240_0, 4;
    %cmp/u 8, 12, 4;
    %jmp/0xz  T_0.19, 4;
    %movi 8, 1142956064, 32;
    %movi 40, 1447119945, 32;
    %ix/load 0, 64, 0;
    %assign/v0 v0xe933c0_0, 0, 8;
    %ix/load 0, 8, 0;
    %assign/v0 v0xe931a0_0, 0, 0;
    %jmp T_0.20;
T_0.19 ;
    %movi 8, 1279869984, 32;
    %movi 40, 1229870657, 32;
    %ix/load 0, 64, 0;
    %assign/v0 v0xe933c0_0, 0, 8;
    %ix/load 0, 8, 0;
    %assign/v0 v0xe931a0_0, 0, 0;
T_0.20 ;
    %jmp T_0.6;
T_0.6 ;
    %end;
    .scope S_0xe77b30;
t_0 %join;
    %jmp T_0;
    .thread T_0;
    .scope S_0xe77a40;
T_1 ;
    %delay 5000, 0;
    %load/v 8, v0xe936a0_0, 1;
    %inv 8, 1;
    %set/v v0xe936a0_0, 8, 1;
    %jmp T_1;
    .thread T_1;
    .scope S_0xe77a40;
T_2 ;
    %set/v v0xe936a0_0, 0, 1;
    %set/v v0xe93750_0, 0, 1;
    %set/v v0xe93550_0, 0, 1;
    %set/v v0xe935f0_0, 0, 8;
    %set/v v0xe93750_0, 1, 1;
    %delay 20000, 0;
    %set/v v0xe93750_0, 0, 1;
    %delay 20000, 0;
    %set/v v0xe93750_0, 0, 1;
    %set/v v0xe93550_0, 1, 1;
    %delay 10000, 0;
    %set/v v0xe93550_0, 0, 1;
    %movi 8, 1, 8;
    %set/v v0xe935f0_0, 8, 8;
    %delay 10000, 0;
    %set/v v0xe93550_0, 1, 1;
    %delay 10000, 0;
    %set/v v0xe93550_0, 0, 1;
    %movi 8, 2, 8;
    %set/v v0xe935f0_0, 8, 8;
    %delay 10000, 0;
    %set/v v0xe93550_0, 1, 1;
    %delay 10000, 0;
    %set/v v0xe93550_0, 0, 1;
    %movi 8, 3, 8;
    %set/v v0xe935f0_0, 8, 8;
    %delay 10000, 0;
    %set/v v0xe93550_0, 1, 1;
    %delay 10000, 0;
    %set/v v0xe93550_0, 0, 1;
    %movi 8, 4, 8;
    %set/v v0xe935f0_0, 8, 8;
    %delay 10000, 0;
    %delay 50000, 0;
    %set/v v0xe93750_0, 1, 1;
    %delay 20000, 0;
    %set/v v0xe93750_0, 0, 1;
    %delay 20000, 0;
    %set/v v0xe93550_0, 1, 1;
    %delay 10000, 0;
    %set/v v0xe93550_0, 0, 1;
    %movi 8, 3, 8;
    %set/v v0xe935f0_0, 8, 8;
    %delay 10000, 0;
    %set/v v0xe93550_0, 1, 1;
    %delay 10000, 0;
    %set/v v0xe93550_0, 0, 1;
    %movi 8, 4, 8;
    %set/v v0xe935f0_0, 8, 8;
    %delay 10000, 0;
    %set/v v0xe93550_0, 1, 1;
    %delay 10000, 0;
    %set/v v0xe93550_0, 0, 1;
    %movi 8, 2, 8;
    %set/v v0xe935f0_0, 8, 8;
    %delay 10000, 0;
    %set/v v0xe93550_0, 1, 1;
    %delay 10000, 0;
    %set/v v0xe93550_0, 0, 1;
    %movi 8, 1, 8;
    %set/v v0xe935f0_0, 8, 8;
    %delay 10000, 0;
    %end;
    .thread T_2;
    .scope S_0xe77a40;
T_3 ;
    %delay 5000, 0;
    %load/v 8, v0xe936a0_0, 1;
    %inv 8, 1;
    %set/v v0xe936a0_0, 8, 1;
    %jmp T_3;
    .thread T_3;
    .scope S_0xe77a40;
T_4 ;
    %delay 400000, 0;
    %vpi_call 2 76 "$finish";
    %end;
    .thread T_4;
    .scope S_0xe77a40;
T_5 ;
    %vpi_call 2 79 "$dumpfile", "dump.vcd";
    %vpi_call 2 80 "$dumpvars";
    %end;
    .thread T_5;
# The file index is used to find the file name in the following table.
:file_names 4;
    "N/A";
    "<interactive>";
    "testbench.sv";
    "design.sv";
